189 165 32 45 3 4 2 156 160 166
3 2 164 183 144 159 4 9 13 29
2 3 4 99 29 78 183 1 56 70
24 2 3 183 4 13 159 58 147 190
2 3 29 183 78 127 167 73 76 142
2 3 29 30 6 8 14 33 42 98
183 2 29 3 9 134 1 127 164 4
2 3 4 99 29 78 183 1 56 70
2 14 3 4 44 80 159 63 70 147
125 3 2 31 61 167 4 38 78 73
65 2 3 28 104 139 4 5 6 33
183 29 2 3 4 167 73 5 76 127
2 183 3 99 1 33 29 36 56 78
166 189 89 3 4 130 165 2 45 32
2 157 3 29 131 183 1 142 164 6
180 8 2 3 78 4 127 31 70 97
2 183 29 3 5 78 127 156 4 8
2 3 61 87 31 179 4 12 13 29
158 2 3 4 33 91 139 159 190 84
2 144 3 114 105 147 12 1 72 127
151 2 129 3 159 5 33 147 4 95
2 4 29 42 70 127 183 3 142 165
183 4 2 3 142 143 165 6 29 32
2 148 183 1 3 29 78 142 147 159
2 3 4 13 105 170 24 164 65 66
2 3 4 29 183 78 1 42 127 131
167 73 2 78 3 183 4 86 8 6
75 2 47 72 183 4 3 5 12 30
78 2 191 5 183 3 142 29 164 167
2 58 3 190 33 30 153 32 84 85
2 28 3 65 104 4 5 33 51 122
2 3 4 47 78 159 27 30 72 147
183 3 2 29 127 164 13 94 5 42
2 3 29 124 127 4 105 13 42 70
3 2 29 142 183 4 5 1 42 45
3 2 13 4 66 183 5 29 42 147
2 3 156 32 116 45 78 189 5 31
125 2 3 4 31 38 61 78 167 85
189 2 45 3 165 5 6 32 78 183
2 29 142 183 170 4 42 127 1 36
2 3 4 29 78 99 183 1 107 131
2 3 9 80 88 148 4 29 36 105
144 2 3 105 1 4 114 142 183 198
100 2 159 3 4 136 147 183 15 68
2 3 114 183 105 192 4 46 39 76
23 124 78 4 2 9 3 183 164 191
2 159 3 183 13 45 147 156 189 5
2 142 70 3 4 1 14 200 13 18
4 50 2 189 78 183 3 5 159 45
2 183 3 29 4 118 127 142 28 42
2 183 3 29 1 78 142 8 12 154
2 142 4 1 70 3 80 107 200 18
3 2 99 33 4 29 36 56 78 82
2 190 3 27 189 153 33 47 72 147
2 3 4 99 29 78 183 1 56 70
2 3 78 142 183 4 5 29 70 148
2 142 183 3 6 64 89 1 4 31
2 3 5 48 107 120 139 4 61 67
2 44 3 78 63 183 29 164 189 5
2 123 110 3 5 111 1 17 18 33
2 3 4 29 70 78 99 14 42 107
2 189 3 159 32 45 114 139 4 5
2 3 80 5 105 124 144 4 13 29
2 183 3 99 29 4 73 127 132 142
68 2 159 3 100 147 15 151 85 135
2 3 4 99 29 78 183 1 56 70
2 3 183 78 159 29 167 179 1 4
2 162 41 189 25 31 3 183 4 7
2 78 8 44 179 191 3 5 29 63
2 29 142 3 42 1 190 170 174 4
3 4 2 190 170 24 42 133 142 159
2 3 29 4 14 42 142 183 13 127
2 105 3 114 164 183 4 124 23 54
2 189 155 4 3 78 90 95 5 7
95 189 2 3 166 4 62 6 33 34
2 29 3 167 183 1 63 77 127 142
2 99 1 3 5 31 56 64 97 142
139 2 190 4 3 12 33 147 152 159
2 159 3 147 165 183 189 4 29 45
2 3 189 4 31 56 99 147 5 39
3 2 29 142 183 4 5 1 42 45
103 2 57 33 164 4 134 3 5 9
2 12 3 72 114 6 1 144 5 78
183 29 3 4 127 2 142 73 80 167
2 78 4 149 189 3 32 90 30 66
2 183 144 3 29 6 105 1 4 12
2 146 159 147 3 85 15 33 100 183
2 3 4 99 29 78 183 1 56 70
2 61 3 149 87 167 4 86 179 183
2 183 29 3 1 4 8 142 148 156
2 3 33 5 29 80 99 142 189 190
125 2 3 38 61 31 179 4 167 73
2 3 94 159 100 4 147 12 14 29
124 2 3 23 29 142 183 35 173 6
2 3 4 14 70 142 12 26 44 179
139 159 2 3 147 189 4 5 84 190
4 2 3 65 28 159 78 139 153 183
142 2 29 3 183 4 174 78 127 143
2 1 142 44 78 105 183 3 4 6
2 163 3 57 85 26 170 174 4 142
